<?xml version="1.0" encoding="UTF-8"?>
<!-- Generated by org.testng.reporters.JUnitXMLReporter -->
<testsuite ignored="2" hostname="Arbazs-MBP.domain.name" failures="0" tests="1" name="Default test" time="33.724" errors="0" timestamp="2023-07-26T09:58:54 IST">
  <testcase classname="com.PIMModule.EmployeeMgmt" name="deleteEmployee" time="13.29"/>
  <testcase classname="com.PIMModule.EmployeeMgmt" name="addEmployee" time="0.0">
    <ignored/>
  </testcase> <!-- addEmployee -->
  <testcase classname="com.PIMModule.EmployeeMgmt" name="UpdateEmployee" time="0.0">
    <ignored/>
  </testcase> <!-- UpdateEmployee -->
</testsuite> <!-- Default test -->
