<?xml version="1.0" encoding="UTF-8"?>
<testng-results ignored="2" total="3" passed="1" failed="0" skipped="0">
  <reporter-output>
  </reporter-output>
  <suite started-at="2023-07-26T09:58:20 IST" name="Default suite" finished-at="2023-07-26T09:58:54 IST" duration-ms="33724">
    <groups>
    </groups>
    <test started-at="2023-07-26T09:58:20 IST" name="Default test" finished-at="2023-07-26T09:58:54 IST" duration-ms="33724">
      <class name="com.PIMModule.EmployeeMgmt">
        <test-method is-config="true" signature="setUp()[pri:0, instance:com.PIMModule.EmployeeMgmt@740cae06]" started-at="2023-07-26T09:58:20 IST" name="setUp" finished-at="2023-07-26T09:58:28 IST" duration-ms="8215" status="PASS">
          <reporter-output>
          </reporter-output>
        </test-method> <!-- setUp -->
        <test-method is-config="true" signature="loginWithValidCredentials()[pri:0, instance:com.PIMModule.EmployeeMgmt@740cae06]" started-at="2023-07-26T09:58:28 IST" name="loginWithValidCredentials" finished-at="2023-07-26T09:58:34 IST" duration-ms="5347" status="PASS">
          <reporter-output>
          </reporter-output>
        </test-method> <!-- loginWithValidCredentials -->
        <test-method signature="deleteEmployee()[pri:3, instance:com.PIMModule.EmployeeMgmt@740cae06]" started-at="2023-07-26T09:58:34 IST" name="deleteEmployee" finished-at="2023-07-26T09:58:47 IST" duration-ms="13290" status="PASS">
          <reporter-output>
          </reporter-output>
        </test-method> <!-- deleteEmployee -->
        <test-method is-config="true" signature="logOut()[pri:0, instance:com.PIMModule.EmployeeMgmt@740cae06]" started-at="2023-07-26T09:58:47 IST" name="logOut" finished-at="2023-07-26T09:58:54 IST" duration-ms="6725" status="PASS">
          <reporter-output>
          </reporter-output>
        </test-method> <!-- logOut -->
        <test-method is-config="true" signature="tearDown()[pri:0, instance:com.PIMModule.EmployeeMgmt@740cae06]" started-at="2023-07-26T09:58:54 IST" name="tearDown" finished-at="2023-07-26T09:58:54 IST" duration-ms="115" status="PASS">
          <reporter-output>
          </reporter-output>
        </test-method> <!-- tearDown -->
      </class> <!-- com.PIMModule.EmployeeMgmt -->
    </test> <!-- Default test -->
  </suite> <!-- Default suite -->
</testng-results>
